{"target": -21.490824557327915, "params": {"x1": -8.222138771219253, "x2": 29.538012784880266, "x3": 15.203954970552246}, "datetime": {"datetime": "2025-06-11 20:04:57", "elapsed": 0.0, "delta": 0.0}}
{"target": -21.87068874083551, "params": {"x1": 6.465682420336989, "x2": -22.54316237996448, "x3": -22.544743115246625}, "datetime": {"datetime": "2025-06-11 20:04:57", "elapsed": 0.011991, "delta": 0.011991}}
{"target": -20.94758775666783, "params": {"x1": -28.961432392944882, "x2": 23.99771988950615, "x3": 6.62667340960293}, "datetime": {"datetime": "2025-06-11 20:04:57", "elapsed": 0.02199, "delta": 0.009999}}
{"target": -21.959614808739413, "params": {"x1": 13.636244458441638, "x2": -31.41897458183029, "x3": 30.79601207128846}, "datetime": {"datetime": "2025-06-11 20:04:57", "elapsed": 0.032001, "delta": 0.010011}}
{"target": -20.780344610691042, "params": {"x1": 21.786960907496443, "x2": -18.852144042588492, "x3": -20.851918949115454}, "datetime": {"datetime": "2025-06-11 20:04:57", "elapsed": 0.040991, "delta": 0.00899}}
{"target": -20.610105927156415, "params": {"x1": -20.74840204224536, "x2": -12.829180365403737, "x3": 1.6224375034503424}, "datetime": {"datetime": "2025-06-11 20:04:57", "elapsed": 0.051001, "delta": 0.01001}}
{"target": -19.08317523750443, "params": {"x1": -4.460051258270301, "x2": -13.682007067981125, "x3": 7.330391308525861}, "datetime": {"datetime": "2025-06-11 20:04:57", "elapsed": 0.061004, "delta": 0.010003}}
{"target": -21.353021722356893, "params": {"x1": -23.626130348307786, "x2": -13.622008313595945, "x3": -8.75811023790462}, "datetime": {"datetime": "2025-06-11 20:04:57", "elapsed": 0.070992, "delta": 0.009988}}
{"target": -20.88276797608831, "params": {"x1": -2.878997514352335, "x2": 18.68929180585254, "x3": -19.68217901246974}, "datetime": {"datetime": "2025-06-11 20:04:57", "elapsed": 0.081993, "delta": 0.011001}}
{"target": -20.362614396371473, "params": {"x1": 0.932868155874452, "x2": 6.056481184942818, "x3": -29.72382575198223}, "datetime": {"datetime": "2025-06-11 20:04:57", "elapsed": 0.093993, "delta": 0.012}}
{"target": -18.561221722904346, "params": {"x1": -7.460446100070663, "x2": -13.053763338098383, "x3": 8.045268380461538}, "datetime": {"datetime": "2025-06-11 20:04:57", "elapsed": 0.217005, "delta": 0.123012}}
{"target": -18.62210009422254, "params": {"x1": -9.06370653699609, "x2": -12.103538398491711, "x3": 10.743273078337712}, "datetime": {"datetime": "2025-06-11 20:04:57", "elapsed": 0.552499, "delta": 0.335494}}
{"target": -19.797245159857503, "params": {"x1": -10.201983745770438, "x2": -15.788882301705021, "x3": 8.705792340819322}, "datetime": {"datetime": "2025-06-11 20:04:58", "elapsed": 0.845696, "delta": 0.293197}}
{"target": -18.692914676408886, "params": {"x1": -7.446510256430674, "x2": -10.349706011935785, "x3": 8.815270697777681}, "datetime": {"datetime": "2025-06-11 20:04:58", "elapsed": 1.057345, "delta": 0.211649}}
{"target": -18.928659519034316, "params": {"x1": -5.2172120946349985, "x2": -11.89503886118008, "x3": 11.63615292564971}, "datetime": {"datetime": "2025-06-11 20:04:58", "elapsed": 1.228366, "delta": 0.171021}}
{"target": -20.058367832688766, "params": {"x1": -10.109590221857571, "x2": -8.618764043536075, "x3": 15.423550836255526}, "datetime": {"datetime": "2025-06-11 20:04:58", "elapsed": 1.492285, "delta": 0.263919}}
{"target": -19.52301206948562, "params": {"x1": -7.515841895455166, "x2": -12.30196019490274, "x3": 9.467067908544614}, "datetime": {"datetime": "2025-06-11 20:04:59", "elapsed": 1.857977, "delta": 0.365692}}
{"target": -18.34322343022529, "params": {"x1": -6.23944929179838, "x2": -11.7582588746134, "x3": 6.575847016980518}, "datetime": {"datetime": "2025-06-11 20:04:59", "elapsed": 1.918807, "delta": 0.06083}}
{"target": -18.946734483135565, "params": {"x1": -6.392362659548809, "x2": -12.464355258129327, "x3": 6.601022080530157}, "datetime": {"datetime": "2025-06-11 20:04:59", "elapsed": 1.970909, "delta": 0.052102}}
{"target": -17.307313639868305, "params": {"x1": -5.001763316263315, "x2": -11.812082654956075, "x3": 6.256666997013738}, "datetime": {"datetime": "2025-06-11 20:04:59", "elapsed": 2.023911, "delta": 0.053002}}
{"target": -17.445493781109036, "params": {"x1": -4.5985466280955585, "x2": -10.45425043650716, "x3": 5.926355243965567}, "datetime": {"datetime": "2025-06-11 20:04:59", "elapsed": 2.098178, "delta": 0.074267}}
{"target": -17.74639203100283, "params": {"x1": -3.0957418288323986, "x2": -12.419361178838908, "x3": 5.766454649832582}, "datetime": {"datetime": "2025-06-11 20:04:59", "elapsed": 2.152186, "delta": 0.054008}}
{"target": -18.495231649875894, "params": {"x1": -3.561242387813472, "x2": -12.219577003236243, "x3": 7.433709196853279}, "datetime": {"datetime": "2025-06-11 20:04:59", "elapsed": 2.247855, "delta": 0.095669}}
{"target": -17.118562820468362, "params": {"x1": -5.224737737394747, "x2": -10.813146341747299, "x3": 6.175324721695112}, "datetime": {"datetime": "2025-06-11 20:04:59", "elapsed": 2.35838, "delta": 0.110525}}
{"target": -17.61900384430554, "params": {"x1": -6.846556891799395, "x2": -9.550487898866269, "x3": 5.522256510269308}, "datetime": {"datetime": "2025-06-11 20:04:59", "elapsed": 2.429383, "delta": 0.071003}}
{"target": -16.281207161381758, "params": {"x1": -5.880091948370524, "x2": -9.19894182588626, "x3": 6.954940153872532}, "datetime": {"datetime": "2025-06-11 20:04:59", "elapsed": 2.515097, "delta": 0.085714}}
{"target": -15.035270206094827, "params": {"x1": -5.2842921159115654, "x2": -7.117068285351497, "x3": 4.852443334241656}, "datetime": {"datetime": "2025-06-11 20:04:59", "elapsed": 2.577609, "delta": 0.062512}}
{"target": -15.773633434592448, "params": {"x1": -5.4631962274032455, "x2": -6.804990687429695, "x3": 5.861853337782406}, "datetime": {"datetime": "2025-06-11 20:05:00", "elapsed": 2.659612, "delta": 0.082003}}
{"target": -14.421766587442255, "params": {"x1": -3.0270506668364234, "x2": -6.584133166541129, "x3": 5.199566644018326}, "datetime": {"datetime": "2025-06-11 20:05:00", "elapsed": 2.744333, "delta": 0.084721}}
{"target": -14.857755775490165, "params": {"x1": -3.595487086404681, "x2": -6.357889306375174, "x3": 4.5201707513802205}, "datetime": {"datetime": "2025-06-11 20:05:00", "elapsed": 2.869044, "delta": 0.124711}}
{"target": -14.039239118956136, "params": {"x1": -2.3624625870672884, "x2": -5.884369114401582, "x3": 6.056171016044813}, "datetime": {"datetime": "2025-06-11 20:05:00", "elapsed": 2.986283, "delta": 0.117239}}
{"target": -12.68963527518032, "params": {"x1": -1.1437221070326764, "x2": -5.04295107725002, "x3": 5.301587889404217}, "datetime": {"datetime": "2025-06-11 20:05:00", "elapsed": 3.071323, "delta": 0.08504}}
{"target": -12.67800259160066, "params": {"x1": 0.048935951018115986, "x2": -6.938210684094891, "x3": 3.784820023207928}, "datetime": {"datetime": "2025-06-11 20:05:00", "elapsed": 3.177305, "delta": 0.105982}}
{"target": -12.868163717520956, "params": {"x1": -0.1308660721871949, "x2": -5.855511482205782, "x3": 4.72506380249893}, "datetime": {"datetime": "2025-06-11 20:05:00", "elapsed": 3.305213, "delta": 0.127908}}
{"target": -12.69933267169842, "params": {"x1": -0.5796838705355056, "x2": -5.689707325563124, "x3": 3.2490903048558164}, "datetime": {"datetime": "2025-06-11 20:05:00", "elapsed": 3.526264, "delta": 0.221051}}
{"target": -13.110276741311356, "params": {"x1": 1.1844050510877935, "x2": -6.206038687739543, "x3": 3.4640064414500245}, "datetime": {"datetime": "2025-06-11 20:05:01", "elapsed": 3.62699, "delta": 0.100726}}
{"target": -12.044563863795698, "params": {"x1": -0.5078312196044651, "x2": -3.476538263693186, "x3": 4.549425247481718}, "datetime": {"datetime": "2025-06-11 20:05:01", "elapsed": 3.807046, "delta": 0.180056}}
{"target": -8.886078824234467, "params": {"x1": 0.2097338102341766, "x2": -2.5166878843054157, "x3": 2.8468361653540626}, "datetime": {"datetime": "2025-06-11 20:05:01", "elapsed": 3.918802, "delta": 0.111756}}
{"target": -8.294010907604399, "params": {"x1": 0.8799183457910615, "x2": 0.10048532541101451, "x3": 3.472410792159863}, "datetime": {"datetime": "2025-06-11 20:05:01", "elapsed": 4.03545, "delta": 0.116648}}
{"target": -9.271959991609085, "params": {"x1": 1.533932047594476, "x2": 0.18549670297591803, "x3": 3.501133279171455}, "datetime": {"datetime": "2025-06-11 20:05:01", "elapsed": 4.131453, "delta": 0.096003}}
